2025-02-27 13:55 - INFO - Main window created...
2025-02-27 13:55 - INFO - Table rendered...
2025-02-27 13:55 - INFO - <multiprocessing.connection.PipeConnection object at 0x0000027CC3DF7580>
2025-02-27 13:58 - INFO - Main window created...
2025-02-27 13:58 - INFO - Table rendered...
2025-02-27 13:58 - INFO - <multiprocessing.connection.PipeConnection object at 0x0000028C78ED7760>
2025-02-27 13:58 - INFO - Setting up...
2025-02-27 13:58 - INFO - Notifier running...
2025-02-27 13:58 - INFO - Bonjour
2025-02-27 14:05 - INFO - Main window created...
2025-02-27 14:05 - INFO - Table rendered...
2025-02-27 14:05 - INFO - <multiprocessing.connection.PipeConnection object at 0x0000028F01047730>
2025-02-27 14:05 - INFO - Setting up...
2025-02-27 14:05 - INFO - Notifier running...
2025-02-27 14:05 - INFO - Bonjour
2025-02-27 14:06 - INFO - Main window created...
2025-02-27 14:06 - INFO - Table rendered...
2025-02-27 14:06 - INFO - <multiprocessing.connection.PipeConnection object at 0x0000025D96C97730>
2025-02-27 14:06 - INFO - Setting up...
2025-02-27 14:06 - INFO - Notifier running...
2025-02-27 14:06 - INFO - Bonjour
2025-02-27 14:18 - INFO - Main window created...
2025-02-27 14:18 - INFO - Table rendered...
2025-02-27 14:18 - INFO - <multiprocessing.connection.PipeConnection object at 0x000001E938E677F0>
2025-02-27 14:18 - INFO - Setting up...
2025-02-27 14:18 - INFO - Notifier running...
2025-02-27 14:19 - INFO - Bonjour
2025-02-27 14:19 - INFO - ['3660', '7J', '160']
2025-02-27 14:19 - INFO - Data received: ['3660', '7J', '160']
2025-02-27 14:19 - INFO - ['3660', '7J', '160']
2025-02-27 14:19 - INFO - Data received: ['3660', '7J', '160']
2025-02-27 14:19 - INFO - ['MA-9499793620-01-01-02J05-1-0001-0-000000-250123-00-01-2995    0-4070']
2025-02-27 14:19 - INFO - Data received: ['MA-9499793620-01-01-02J05-1-0001-0-000000-250123-00-01-2995    0-4070']
2025-02-27 14:19 - INFO - ['3660', '7J', '160']
2025-02-27 14:19 - INFO - Data received: ['3660', '7J', '160']
2025-02-27 14:19 - INFO - ['3660', '7J', '160']
2025-02-27 14:19 - INFO - Data received: ['3660', '7J', '160']
2025-02-27 14:19 - INFO - ['3660', '7J', '160']
2025-02-27 14:19 - INFO - Data received: ['3660', '7J', '160']
2025-02-27 14:20 - INFO - Main window created...
2025-02-27 14:20 - INFO - Table rendered...
2025-02-27 14:20 - INFO - <multiprocessing.connection.PipeConnection object at 0x0000017D844477F0>
2025-02-27 14:20 - INFO - Setting up...
2025-02-27 14:20 - INFO - Notifier running...
2025-02-27 14:20 - INFO - Bonjour
2025-02-27 14:21 - INFO - ['3660', '7J', '160']
2025-02-27 14:21 - INFO - Data received: ['3660', '7J', '160']
2025-02-27 14:21 - INFO - ['MA-9499793620-01-01-02J05-1-0001-0-000000-250123-00-01-2995    0-4070']
2025-02-27 14:21 - INFO - Data received: ['MA-9499793620-01-01-02J05-1-0001-0-000000-250123-00-01-2995    0-4070']
2025-02-27 14:22 - INFO - Main window created...
2025-02-27 14:22 - INFO - Table rendered...
2025-02-27 14:22 - INFO - <multiprocessing.connection.PipeConnection object at 0x000002455FF576A0>
2025-02-27 14:22 - INFO - Setting up...
2025-02-27 14:22 - INFO - Notifier running...
2025-02-27 14:22 - INFO - Bonjour
2025-02-27 14:22 - INFO - ['MA-9499793620-01-01-02J05-1-0001-0-000000-250123-00-01-2995    0-4070']
2025-02-27 14:22 - INFO - Data received: ['MA-9499793620-01-01-02J05-1-0001-0-000000-250123-00-01-2995    0-4070']
2025-02-27 14:22 - INFO - ['3660', '7J', '160']
2025-02-27 14:22 - INFO - Data received: ['3660', '7J', '160']
2025-02-27 14:22 - INFO - Main window created...
2025-02-27 14:22 - INFO - Table rendered...
2025-02-27 14:22 - INFO - <multiprocessing.connection.PipeConnection object at 0x000002969CAC76A0>
2025-02-27 14:22 - INFO - Setting up...
2025-02-27 14:22 - INFO - Notifier running...
2025-02-27 14:22 - INFO - Bonjour
2025-02-27 14:23 - INFO - ['MA-9499793620-01-01-02J05-1-0001-0-000000-250123-00-01-2995    0-4070']
2025-02-27 14:23 - INFO - Data received: ['MA-9499793620-01-01-02J05-1-0001-0-000000-250123-00-01-2995    0-4070']
2025-02-27 14:23 - INFO - ['3660', '7J', '160']
2025-02-27 14:23 - INFO - Data received: ['3660', '7J', '160']
2025-02-27 14:23 - INFO - ['3660', '7J', '160']
2025-02-27 14:23 - INFO - Data received: ['3660', '7J', '160']
2025-02-27 14:23 - INFO - ['3660', '7J', '160']
2025-02-27 14:23 - INFO - Data received: ['3660', '7J', '160']
2025-02-27 14:23 - INFO - ['3660', '7J', '160']
2025-02-27 14:23 - INFO - Data received: ['3660', '7J', '160']
2025-02-27 14:23 - INFO - ['3660', '7J', '160']
2025-02-27 14:23 - INFO - Data received: ['3660', '7J', '160']
2025-02-27 14:23 - INFO - ['3660', '7J', '160']
2025-02-27 14:23 - INFO - Data received: ['3660', '7J', '160']
2025-02-27 14:23 - INFO - ['3660', '7J', '160']
2025-02-27 14:23 - INFO - Data received: ['3660', '7J', '160']
2025-02-27 14:23 - INFO - ['3660', '7J', '160']
2025-02-27 14:23 - INFO - Data received: ['3660', '7J', '160']
2025-02-27 14:23 - INFO - ['MA-9499793620-01-01-02J05-1-0001-0-000000-250123-00-01-2995    0-4070']
2025-02-27 14:23 - INFO - Data received: ['MA-9499793620-01-01-02J05-1-0001-0-000000-250123-00-01-2995    0-4070']
2025-02-27 14:23 - INFO - ['3660', '7J', '160']
2025-02-27 14:23 - INFO - Data received: ['3660', '7J', '160']
2025-02-27 14:23 - INFO - ['MA-9499793620-01-01-02J05-1-0001-0-000000-250123-00-01-2995    0-4070']
2025-02-27 14:23 - INFO - Data received: ['MA-9499793620-01-01-02J05-1-0001-0-000000-250123-00-01-2995    0-4070']
2025-02-27 14:26 - INFO - Main window created...
2025-02-27 14:26 - INFO - Table rendered...
2025-02-27 14:26 - INFO - <multiprocessing.connection.PipeConnection object at 0x0000024F65316D40>
2025-02-27 14:26 - INFO - Setting up...
2025-02-27 14:26 - INFO - Notifier running...
2025-02-27 14:26 - INFO - Bonjour
2025-02-27 14:26 - INFO - ['MA-9499793620-01-01-02J05-1-0001-0-000000-250123-00-01-2995    0-4070']
2025-02-27 14:26 - INFO - Data received: ['MA-9499793620-01-01-02J05-1-0001-0-000000-250123-00-01-2995    0-4070']
2025-02-27 14:26 - INFO - ['3660', '7J', '160']
2025-02-27 14:26 - INFO - Data received: ['3660', '7J', '160']
2025-02-27 14:28 - INFO - Main window created...
2025-02-27 14:28 - INFO - Table rendered...
2025-02-27 14:28 - INFO - <multiprocessing.connection.PipeConnection object at 0x000002114B97AD40>
2025-02-27 14:28 - INFO - Setting up...
2025-02-27 14:28 - INFO - Notifier running...
2025-02-27 14:28 - INFO - Bonjour
2025-02-27 14:28 - INFO - ['3660', '7J', '160']
2025-02-27 14:28 - INFO - Data received: ['3660', '7J', '160']
2025-02-27 14:28 - INFO - ['MA-9499793620-01-01-02J05-1-0001-0-000000-250123-00-01-2995    0-4070']
2025-02-27 14:28 - INFO - Data received: ['MA-9499793620-01-01-02J05-1-0001-0-000000-250123-00-01-2995    0-4070']
2025-02-27 14:32 - INFO - Main window created...
2025-02-27 14:32 - INFO - Table rendered...
2025-02-27 14:32 - INFO - <multiprocessing.connection.PipeConnection object at 0x000001E5CCE1FAF0>
2025-02-27 14:32 - INFO - Setting up...
2025-02-27 14:32 - INFO - Notifier running...
2025-02-27 14:32 - INFO - Bonjour
2025-02-27 14:33 - INFO - Main window created...
2025-02-27 14:33 - INFO - Table rendered...
2025-02-27 14:33 - INFO - <multiprocessing.connection.PipeConnection object at 0x00000220BFF9FBB0>
2025-02-27 14:33 - INFO - Setting up...
2025-02-27 14:33 - INFO - Notifier running...
2025-02-27 14:33 - INFO - Bonjour
2025-02-27 14:33 - INFO - ['MA-9499793620-01-01-02J05-1-0001-0-000000-250123-00-01-2995    0-4070']
2025-02-27 14:33 - INFO - Data received: ['MA-9499793620-01-01-02J05-1-0001-0-000000-250123-00-01-2995    0-4070']
2025-02-27 14:34 - INFO - Main window created...
2025-02-27 14:34 - INFO - Table rendered...
2025-02-27 14:34 - INFO - <multiprocessing.connection.PipeConnection object at 0x0000027094EFFBB0>
2025-02-27 14:35 - INFO - Main window created...
2025-02-27 14:35 - INFO - Table rendered...
2025-02-27 14:35 - INFO - <multiprocessing.connection.PipeConnection object at 0x000001EA5F95FBE0>
2025-02-27 14:35 - INFO - Setting up...
2025-02-27 14:35 - INFO - Notifier running...
2025-02-27 14:35 - INFO - Bonjour
2025-02-27 14:37 - INFO - Main window created...
2025-02-27 14:37 - INFO - Table rendered...
2025-02-27 14:37 - INFO - <multiprocessing.connection.PipeConnection object at 0x00000255F442FD60>
2025-02-27 14:37 - INFO - Setting up...
2025-02-27 14:37 - INFO - Notifier running...
2025-02-27 14:37 - INFO - Bonjour
2025-02-27 14:41 - INFO - Main window created...
2025-02-27 14:41 - INFO - Table rendered...
2025-02-27 14:41 - INFO - <multiprocessing.connection.PipeConnection object at 0x00000263E00DBD00>
2025-02-27 14:41 - INFO - Setting up...
2025-02-27 14:41 - INFO - Notifier running...
2025-02-27 14:42 - INFO - ['MA-9499793620-01-01-02J05-1-0001-0-000000-250123-00-01-2995    0-4070']
2025-02-27 14:42 - INFO - ['3660', '7J', '160']
2025-02-27 14:42 - INFO - Data received: ['3660', '7J', '160']
2025-02-27 14:42 - INFO - ['MA-9499793620-01-01-02J05-1-0001-0-000000-250123-00-01-2995    0-4070']
2025-02-27 14:42 - INFO - Data received: ['MA-9499793620-01-01-02J05-1-0001-0-000000-250123-00-01-2995    0-4070']
2025-02-27 14:42 - INFO - Main window created...
2025-02-27 14:42 - INFO - Table rendered...
2025-02-27 14:42 - INFO - <multiprocessing.connection.PipeConnection object at 0x000001FAABE4BCD0>
2025-02-27 14:42 - INFO - Setting up...
2025-02-27 14:42 - INFO - Notifier running...
2025-02-27 14:42 - INFO - Main window created...
2025-02-27 14:42 - INFO - Table rendered...
2025-02-27 14:42 - INFO - <multiprocessing.connection.PipeConnection object at 0x000002AD5945FCD0>
2025-02-27 14:42 - INFO - Setting up...
2025-02-27 14:42 - INFO - Notifier running...
2025-02-27 14:43 - INFO - Main window created...
2025-02-27 14:43 - INFO - Table rendered...
2025-02-27 14:43 - INFO - <multiprocessing.connection.PipeConnection object at 0x0000025076ECFCD0>
2025-02-27 14:43 - INFO - Setting up...
2025-02-27 14:43 - INFO - Notifier running...
2025-02-27 14:44 - INFO - Main window created...
2025-02-27 14:44 - INFO - Table rendered...
2025-02-27 14:44 - INFO - <multiprocessing.connection.PipeConnection object at 0x000002209559FBB0>
2025-02-27 14:44 - INFO - Setting up Signal...
2025-02-27 14:44 - INFO - Thread Started...
2025-02-27 14:44 - INFO - Main window created...
2025-02-27 14:44 - INFO - Table rendered...
2025-02-27 14:44 - INFO - <multiprocessing.connection.PipeConnection object at 0x000002482565FBB0>
2025-02-27 14:44 - INFO - Setting up Signal...
2025-02-27 14:44 - INFO - Thread Started...
2025-02-27 14:45 - INFO - Main window created...
2025-02-27 14:45 - INFO - Table rendered...
2025-02-27 14:45 - INFO - <multiprocessing.connection.PipeConnection object at 0x00000218F32EFC70>
2025-02-27 14:45 - INFO - Setting up Signal...
2025-02-27 14:45 - INFO - Thread Started...
2025-02-27 14:46 - INFO - Main window created...
2025-02-27 14:46 - INFO - Table rendered...
2025-02-27 14:46 - INFO - <multiprocessing.connection.PipeConnection object at 0x00000191F9ADFC70>
2025-02-27 14:46 - INFO - Setting up Signal...
2025-02-27 14:46 - INFO - Thread Started...
2025-02-27 14:46 - INFO - ['MA-9499793620-01-01-02J05-1-0001-0-000000-250123-00-01-2995    0-4070']
2025-02-27 14:46 - INFO - Data received: ['MA-9499793620-01-01-02J05-1-0001-0-000000-250123-00-01-2995    0-4070']
2025-02-27 14:46 - INFO - Main window created...
2025-02-27 14:46 - INFO - Table rendered...
2025-02-27 14:46 - INFO - <multiprocessing.connection.PipeConnection object at 0x00000242C974FC70>
2025-02-27 14:46 - INFO - Setting up Signal...
2025-02-27 14:46 - INFO - Thread Started...
2025-02-27 14:46 - INFO - ['MA-9499793620-01-01-02J05-1-0001-0-000000-250123-00-01-2995    0-4070']
2025-02-27 14:46 - INFO - Data received: ['MA-9499793620-01-01-02J05-1-0001-0-000000-250123-00-01-2995    0-4070']
2025-02-27 14:46 - INFO - ['3660', '7J', '160']
2025-02-27 14:46 - INFO - Data received: ['3660', '7J', '160']
2025-02-27 14:46 - INFO - ['3660', '7J', '160']
2025-02-27 14:46 - INFO - Data received: ['3660', '7J', '160']
2025-02-27 14:46 - INFO - ['3410', '0D', '030']
2025-02-27 14:46 - INFO - Data received: ['3410', '0D', '030']
2025-02-27 14:46 - INFO - ['4190', '6A', '180']
2025-02-27 14:46 - INFO - Data received: ['4190', '6A', '180']
2025-02-27 14:46 - INFO - ['3620', '0R', '030']
2025-02-27 14:46 - INFO - Data received: ['3620', '0R', '030']
2025-02-27 14:47 - INFO - ['3410', '0D', '030']
2025-02-27 14:47 - INFO - Data received: ['3410', '0D', '030']
2025-02-27 14:47 - INFO - ['0960', '0C', '060']
2025-02-27 14:47 - INFO - Data received: ['0960', '0C', '060']
2025-02-27 14:47 - INFO - ['3660', '7J', '160']
2025-02-27 14:47 - INFO - Data received: ['3660', '7J', '160']
2025-02-27 14:47 - INFO - ['4190', '6A', '180']
2025-02-27 14:47 - INFO - Data received: ['4190', '6A', '180']
2025-02-27 14:47 - INFO - ['3620', '0R', '030']
2025-02-27 14:47 - INFO - Data received: ['3620', '0R', '030']
2025-02-27 14:47 - INFO - ['3630', '7J', '160']
2025-02-27 14:47 - INFO - Data received: ['3630', '7J', '160']
2025-02-27 14:47 - INFO - ['3630', '7J', '160']
2025-02-27 14:47 - INFO - Data received: ['3630', '7J', '160']
2025-02-27 14:49 - INFO - Main window created...
2025-02-27 14:49 - INFO - Table rendered...
2025-02-27 14:49 - INFO - <multiprocessing.connection.PipeConnection object at 0x00000216CA33FCD0>
2025-02-27 14:49 - INFO - Setting up Signal...
2025-02-27 14:49 - INFO - Thread Started...
2025-02-27 15:01 - INFO - Main window created...
2025-02-27 15:01 - INFO - Table rendered...
2025-02-27 15:01 - INFO - <multiprocessing.connection.PipeConnection object at 0x000001799964FE80>
2025-02-27 15:01 - INFO - Setting up Signal...
2025-02-27 15:01 - INFO - Thread Started...
2025-02-27 15:01 - INFO - Main window created...
2025-02-27 15:01 - INFO - Table rendered...
2025-02-27 15:01 - INFO - <multiprocessing.connection.PipeConnection object at 0x0000017953DEFE20>
2025-02-27 15:01 - INFO - Setting up Signal...
2025-02-27 15:01 - INFO - Thread Started...
2025-02-27 15:03 - INFO - Main window created...
2025-02-27 15:03 - INFO - Table rendered...
2025-02-27 15:03 - INFO - <multiprocessing.connection.PipeConnection object at 0x00000208B5E5BD30>
2025-02-27 15:03 - INFO - Setting up Signal...
2025-02-27 15:03 - INFO - Thread Started...
2025-02-27 15:11 - INFO - Main window created...
2025-02-27 15:11 - INFO - Table rendered...
2025-02-27 15:11 - INFO - <multiprocessing.connection.PipeConnection object at 0x00000269C979BD30>
2025-02-27 15:11 - INFO - Setting up Signal...
2025-02-27 15:11 - INFO - Thread Started...
2025-02-27 15:16 - INFO - Main window created...
2025-02-27 15:16 - INFO - Table rendered...
2025-02-27 15:16 - INFO - <multiprocessing.connection.PipeConnection object at 0x000002210E1FF6D0>
2025-02-27 15:16 - INFO - Setting up Signal...
2025-02-27 15:16 - INFO - Thread Started...
2025-02-27 15:17 - INFO - Main window created...
2025-02-27 15:17 - INFO - Table rendered...
2025-02-27 15:17 - INFO - <multiprocessing.connection.PipeConnection object at 0x000002825F9EF6D0>
2025-02-27 15:17 - INFO - Setting up Signal...
2025-02-27 15:17 - INFO - Thread Started...
2025-02-27 15:17 - INFO - ['MA-9499793620-01-01-02J05-1-0001-0-000000-250123-00-01-2995    0-4070']
2025-02-27 15:17 - INFO - Data received: ['MA-9499793620-01-01-02J05-1-0001-0-000000-250123-00-01-2995    0-4070']
2025-02-27 15:17 - INFO - ['3630', '7J', '160']
2025-02-27 15:17 - INFO - Data received: ['3630', '7J', '160']
2025-02-27 15:21 - INFO - Main window created...
2025-02-27 15:21 - INFO - Table rendered...
2025-02-27 15:21 - INFO - <multiprocessing.connection.PipeConnection object at 0x000002B9798BF6D0>
2025-02-27 15:21 - INFO - Setting up Signal...
2025-02-27 15:21 - INFO - Thread Started...
2025-02-27 15:21 - INFO - ['3630', '7J', '160']
2025-02-27 15:21 - INFO - Data received: ['3630', '7J', '160']
2025-02-27 15:21 - INFO - ['MA-9499793620-01-01-02J05-1-0001-0-000000-250123-00-01-2995    0-4070']
2025-02-27 15:21 - INFO - Data received: ['MA-9499793620-01-01-02J05-1-0001-0-000000-250123-00-01-2995    0-4070']
